[2025-10-03 18:10:07] production.ERROR: The /home/u774605506/domains/mdar.cc/public_html/bootstrap/cache directory must be present and writable. {"exception":"[object] (Exception(code: 0): The /home/u774605506/domains/mdar.cc/public_html/bootstrap/cache directory must be present and writable. at /home/u774605506/domains/mdar.cc/public_html/vendor/laravel/framework/src/Illuminate/Foundation/PackageManifest.php:179)
[stacktrace]
#0 /home/u774605506/domains/mdar.cc/public_html/vendor/laravel/framework/src/Illuminate/Foundation/PackageManifest.php(132): Illuminate\\Foundation\\PackageManifest->write()
#1 /home/u774605506/domains/mdar.cc/public_html/vendor/laravel/framework/src/Illuminate/Foundation/PackageManifest.php(108): Illuminate\\Foundation\\PackageManifest->build()
#2 /home/u774605506/domains/mdar.cc/public_html/vendor/laravel/framework/src/Illuminate/Foundation/PackageManifest.php(91): Illuminate\\Foundation\\PackageManifest->getManifest()
#3 /home/u774605506/domains/mdar.cc/public_html/vendor/laravel/framework/src/Illuminate/Foundation/PackageManifest.php(80): Illuminate\\Foundation\\PackageManifest->config()
#4 /home/u774605506/domains/mdar.cc/public_html/vendor/laravel/framework/src/Illuminate/Foundation/Bootstrap/RegisterFacades.php(26): Illuminate\\Foundation\\PackageManifest->aliases()
#5 /home/u774605506/domains/mdar.cc/public_html/vendor/laravel/framework/src/Illuminate/Foundation/Application.php(342): Illuminate\\Foundation\\Bootstrap\\RegisterFacades->bootstrap()
#6 /home/u774605506/domains/mdar.cc/public_html/vendor/laravel/framework/src/Illuminate/Foundation/Console/Kernel.php(474): Illuminate\\Foundation\\Application->bootstrapWith()
#7 /home/u774605506/domains/mdar.cc/public_html/vendor/laravel/framework/src/Illuminate/Foundation/Console/Kernel.php(196): Illuminate\\Foundation\\Console\\Kernel->bootstrap()
#8 /home/u774605506/domains/mdar.cc/public_html/vendor/laravel/framework/src/Illuminate/Foundation/Application.php(1235): Illuminate\\Foundation\\Console\\Kernel->handle()
#9 /home/u774605506/domains/mdar.cc/public_html/artisan(13): Illuminate\\Foundation\\Application->handleCommand()
#10 {main}
"} 
[2025-10-03 18:10:59] production.ERROR: The /home/u774605506/domains/mdar.cc/public_html/bootstrap/cache directory must be present and writable. {"exception":"[object] (Exception(code: 0): The /home/u774605506/domains/mdar.cc/public_html/bootstrap/cache directory must be present and writable. at /home/u774605506/domains/mdar.cc/public_html/vendor/laravel/framework/src/Illuminate/Foundation/PackageManifest.php:179)
[stacktrace]
#0 /home/u774605506/domains/mdar.cc/public_html/vendor/laravel/framework/src/Illuminate/Foundation/PackageManifest.php(132): Illuminate\\Foundation\\PackageManifest->write()
#1 /home/u774605506/domains/mdar.cc/public_html/vendor/laravel/framework/src/Illuminate/Foundation/PackageManifest.php(108): Illuminate\\Foundation\\PackageManifest->build()
#2 /home/u774605506/domains/mdar.cc/public_html/vendor/laravel/framework/src/Illuminate/Foundation/PackageManifest.php(91): Illuminate\\Foundation\\PackageManifest->getManifest()
#3 /home/u774605506/domains/mdar.cc/public_html/vendor/laravel/framework/src/Illuminate/Foundation/PackageManifest.php(80): Illuminate\\Foundation\\PackageManifest->config()
#4 /home/u774605506/domains/mdar.cc/public_html/vendor/laravel/framework/src/Illuminate/Foundation/Bootstrap/RegisterFacades.php(26): Illuminate\\Foundation\\PackageManifest->aliases()
#5 /home/u774605506/domains/mdar.cc/public_html/vendor/laravel/framework/src/Illuminate/Foundation/Application.php(342): Illuminate\\Foundation\\Bootstrap\\RegisterFacades->bootstrap()
#6 /home/u774605506/domains/mdar.cc/public_html/vendor/laravel/framework/src/Illuminate/Foundation/Console/Kernel.php(474): Illuminate\\Foundation\\Application->bootstrapWith()
#7 /home/u774605506/domains/mdar.cc/public_html/vendor/laravel/framework/src/Illuminate/Foundation/Console/Kernel.php(196): Illuminate\\Foundation\\Console\\Kernel->bootstrap()
#8 /home/u774605506/domains/mdar.cc/public_html/vendor/laravel/framework/src/Illuminate/Foundation/Application.php(1235): Illuminate\\Foundation\\Console\\Kernel->handle()
#9 /home/u774605506/domains/mdar.cc/public_html/artisan(13): Illuminate\\Foundation\\Application->handleCommand()
#10 {main}
"} 
[2025-10-07 09:03:36] production.ERROR: Please provide a valid cache path. {"exception":"[object] (InvalidArgumentException(code: 0): Please provide a valid cache path. at /home/u774605506/domains/mdar.cc/public_html/vendor/laravel/framework/src/Illuminate/View/Compilers/Compiler.php:67)
[stacktrace]
#0 /home/u774605506/domains/mdar.cc/public_html/vendor/laravel/framework/src/Illuminate/View/ViewServiceProvider.php(97): Illuminate\\View\\Compilers\\Compiler->__construct()
#1 /home/u774605506/domains/mdar.cc/public_html/vendor/laravel/framework/src/Illuminate/Container/Container.php(952): Illuminate\\View\\ViewServiceProvider->Illuminate\\View\\{closure}()
#2 /home/u774605506/domains/mdar.cc/public_html/vendor/laravel/framework/src/Illuminate/Container/Container.php(832): Illuminate\\Container\\Container->build()
#3 /home/u774605506/domains/mdar.cc/public_html/vendor/laravel/framework/src/Illuminate/Foundation/Application.php(1078): Illuminate\\Container\\Container->resolve()
#4 /home/u774605506/domains/mdar.cc/public_html/vendor/laravel/framework/src/Illuminate/Container/Container.php(763): Illuminate\\Foundation\\Application->resolve()
#5 /home/u774605506/domains/mdar.cc/public_html/vendor/laravel/framework/src/Illuminate/Foundation/Application.php(1058): Illuminate\\Container\\Container->make()
#6 /home/u774605506/domains/mdar.cc/public_html/vendor/laravel/framework/src/Illuminate/Container/Container.php(1580): Illuminate\\Foundation\\Application->make()
#7 /home/u774605506/domains/mdar.cc/public_html/vendor/laravel/framework/src/Illuminate/Support/Facades/Facade.php(239): Illuminate\\Container\\Container->offsetGet()
#8 /home/u774605506/domains/mdar.cc/public_html/vendor/laravel/framework/src/Illuminate/Support/Facades/Facade.php(210): Illuminate\\Support\\Facades\\Facade::resolveFacadeInstance()
#9 /home/u774605506/domains/mdar.cc/public_html/vendor/laravel/framework/src/Illuminate/Support/Facades/Facade.php(355): Illuminate\\Support\\Facades\\Facade::getFacadeRoot()
#10 /home/u774605506/domains/mdar.cc/public_html/vendor/hexadog/laravel-themes-manager/src/Providers/BladeServiceProvider.php(25): Illuminate\\Support\\Facades\\Facade::__callStatic()
#11 /home/u774605506/domains/mdar.cc/public_html/vendor/laravel/framework/src/Illuminate/Container/BoundMethod.php(36): Hexadog\\ThemesManager\\Providers\\BladeServiceProvider->boot()
#12 /home/u774605506/domains/mdar.cc/public_html/vendor/laravel/framework/src/Illuminate/Container/Util.php(43): Illuminate\\Container\\BoundMethod::Illuminate\\Container\\{closure}()
#13 /home/u774605506/domains/mdar.cc/public_html/vendor/laravel/framework/src/Illuminate/Container/BoundMethod.php(95): Illuminate\\Container\\Util::unwrapIfClosure()
#14 /home/u774605506/domains/mdar.cc/public_html/vendor/laravel/framework/src/Illuminate/Container/BoundMethod.php(35): Illuminate\\Container\\BoundMethod::callBoundMethod()
#15 /home/u774605506/domains/mdar.cc/public_html/vendor/laravel/framework/src/Illuminate/Container/Container.php(696): Illuminate\\Container\\BoundMethod::call()
#16 /home/u774605506/domains/mdar.cc/public_html/vendor/laravel/framework/src/Illuminate/Foundation/Application.php(1151): Illuminate\\Container\\Container->call()
#17 /home/u774605506/domains/mdar.cc/public_html/vendor/laravel/framework/src/Illuminate/Foundation/Application.php(1132): Illuminate\\Foundation\\Application->bootProvider()
#18 [internal function]: Illuminate\\Foundation\\Application->Illuminate\\Foundation\\{closure}()
#19 /home/u774605506/domains/mdar.cc/public_html/vendor/laravel/framework/src/Illuminate/Foundation/Application.php(1131): array_walk()
#20 /home/u774605506/domains/mdar.cc/public_html/vendor/laravel/framework/src/Illuminate/Foundation/Bootstrap/BootProviders.php(17): Illuminate\\Foundation\\Application->boot()
#21 /home/u774605506/domains/mdar.cc/public_html/vendor/laravel/framework/src/Illuminate/Foundation/Application.php(342): Illuminate\\Foundation\\Bootstrap\\BootProviders->bootstrap()
#22 /home/u774605506/domains/mdar.cc/public_html/vendor/laravel/framework/src/Illuminate/Foundation/Http/Kernel.php(187): Illuminate\\Foundation\\Application->bootstrapWith()
#23 /home/u774605506/domains/mdar.cc/public_html/vendor/laravel/framework/src/Illuminate/Foundation/Http/Kernel.php(171): Illuminate\\Foundation\\Http\\Kernel->bootstrap()
#24 /home/u774605506/domains/mdar.cc/public_html/vendor/laravel/framework/src/Illuminate/Foundation/Http/Kernel.php(145): Illuminate\\Foundation\\Http\\Kernel->sendRequestThroughRouter()
#25 /home/u774605506/domains/mdar.cc/public_html/vendor/laravel/framework/src/Illuminate/Foundation/Application.php(1220): Illuminate\\Foundation\\Http\\Kernel->handle()
#26 /home/u774605506/domains/mdar.cc/public_html/public/index.php(40): Illuminate\\Foundation\\Application->handleRequest()
#27 /home/u774605506/domains/mdar.cc/public_html/index.php(21): require_once('/home/u77460550...')
#28 {main}
"} 
[2025-10-07 09:03:40] production.INFO: [AdminAIConfiguration] Auto-imported AI models because table was empty.  
